[00:17:24] [Server thread/INFO]: [Not Secure] [Server] asd
[00:22:40] [Server thread/INFO]: [Not Secure] [Server] asd
[00:31:12] [Server thread/INFO]: Villager dcx['Villager'/13, l='ServerLevel[world]', x=2263.62, y=69.56, z=-194.02] died, message: 'Villager was slain by Zombie'
[00:31:24] [Server thread/INFO]: [Not Secure] [Server] asd
[00:35:19] [Server thread/INFO]: chino555[/10.242.90.119:54934] logged in with entity id 32561 at (4600.630130332985, -27.0, 3630.21317804718)
[00:35:19] [Server thread/INFO]: chino555 joined the game
[00:36:38] [Server thread/INFO]: [Not Secure] <chino555> SI TE CUESTA SER FELIZ
[00:36:49] [Server thread/INFO]: [Not Secure] <chino555> SIMPLEMENTE APRENDE A VIVIR MIERDA!
[00:36:51] [Server thread/INFO]: [Not Secure] <chino555> Bue
[00:36:53] [Server thread/INFO]: [Not Secure] <chino555> revivi
[00:39:40] [Server thread/INFO]: [Not Secure] [Server] asd
[00:39:42] [Server thread/INFO]: [Not Secure] <chino555> asd
[00:47:36] [Server thread/WARN]: Mismatch in destroy block pos: is{x=503, y=73, z=553} is{x=500, y=69, z=554}
[00:47:36] [Server thread/WARN]: Mismatch in destroy block pos: is{x=503, y=73, z=553} is{x=500, y=69, z=554}
[00:47:45] [Server thread/INFO]: [Not Secure] [Server] asd
[00:48:53] [Server thread/INFO]: [Not Secure] <UPFUTX_300> asd
[00:48:55] [Server thread/INFO]: [Not Secure] <chino555> asd
[00:49:03] [Server thread/INFO]: [Not Secure] <UPFUTX_300> volvi
[00:49:07] [Server thread/INFO]: [Not Secure] <UPFUTX_300> mejor nollamada
[00:49:09] [Server thread/INFO]: [Not Secure] <chino555> si
[00:51:12] [Server thread/INFO]: [Not Secure] <chino555> overdose
[00:51:23] [Server thread/INFO]: [Not Secure] <chino555> by natori
[00:51:27] [Server thread/INFO]: [Not Secure] <chino555> temazo
[00:52:03] [Server thread/INFO]: [Not Secure] <UPFUTX_300> asdf
[00:52:14] [Server thread/INFO]: [Not Secure] <chino555> bue conta tu anectodota por chat
[00:52:26] [Server thread/INFO]: [Not Secure] <chino555> o alta paja?
[00:52:33] [Server thread/INFO]: [Not Secure] <UPFUTX_300> no
[00:52:35] [Server thread/INFO]: [Not Secure] <chino555> a weno
[00:52:53] [Server thread/INFO]: [Not Secure] <UPFUTX_300> si hablar me da paja imaginate hablar
[00:53:03] [Server thread/INFO]: [Not Secure] <chino555> bue
[00:53:14] [Server thread/INFO]: [Not Secure] <chino555> ya consegui la mejor arma del juego
[00:53:15] [Server thread/INFO]: [Not Secure] <chino555> gg
[00:53:23] [Server thread/INFO]: [Not Secure] <UPFUTX_300> ta bien kp
[00:53:31] [Server thread/INFO]: [Not Secure] <chino555> juan
[00:53:34] [Server thread/INFO]: [Not Secure] <UPFUTX_300> q
[00:53:39] [Server thread/INFO]: [Not Secure] <chino555> preguntas, preguntas
[00:53:43] [Server thread/INFO]: [Not Secure] <UPFUTX_300> q
[00:54:00] [Server thread/INFO]: [Not Secure] <chino555> que es mejor, Una triple kill en rivals 4v4 perdiendo
[00:54:15] [Server thread/INFO]: [Not Secure] <chino555> O morirte al segundo 3 por caerte del mapa y ser carreado ganando
[00:54:34] [Server thread/INFO]: [Not Secure] <UPFUTX_300> ambis
[00:54:36] [Server thread/INFO]: [Not Secure] <UPFUTX_300> o
[00:54:37] [Server thread/INFO]: [Not Secure] <UPFUTX_300> s
[00:59:47] [Server thread/INFO]: chino555 has made the advancement [Stay Hydrated!]
[00:59:58] [Server thread/INFO]: [Not Secure] <chino555> anda toma agua juan
[01:00:07] [Server thread/INFO]: [Not Secure] <UPFUTX_300> ya tome
[01:00:32] [Server thread/INFO]: [Not Secure] <chino555> profesor de matematicas; QUE COCA, VINO, FERNET QUE TOMASTE?
[01:00:39] [Server thread/INFO]: [Not Secure] <chino555> bue
[01:00:55] [Server thread/INFO]: [Not Secure] <chino555> intentar dar risa por texto es una mrd
[01:01:06] [Server thread/INFO]: [Not Secure] <UPFUTX_300> ekisde
[01:01:10] [Server thread/INFO]: [Not Secure] <chino555> mejor me vuelvo tryhardear
[01:02:34] [Server thread/WARN]: Mismatch in destroy block pos: is{x=4835, y=110, z=3593} is{x=4835, y=109, z=3592}
[01:02:34] [Server thread/WARN]: Mismatch in destroy block pos: is{x=4835, y=110, z=3593} is{x=4835, y=109, z=3592}
[01:02:34] [Server thread/WARN]: Mismatch in destroy block pos: is{x=4835, y=110, z=3593} is{x=4835, y=109, z=3592}
[01:02:34] [Server thread/WARN]: Mismatch in destroy block pos: is{x=4835, y=110, z=3593} is{x=4835, y=109, z=3592}
[01:02:34] [Server thread/WARN]: Mismatch in destroy block pos: is{x=4835, y=110, z=3593} is{x=4835, y=109, z=3592}
[01:02:34] [Server thread/WARN]: Mismatch in destroy block pos: is{x=4835, y=110, z=3593} is{x=4835, y=109, z=3592}
[01:02:34] [Server thread/WARN]: Mismatch in destroy block pos: is{x=4835, y=110, z=3593} is{x=4835, y=109, z=3592}
[01:02:34] [Server thread/WARN]: Mismatch in destroy block pos: is{x=4835, y=110, z=3593} is{x=4835, y=109, z=3592}
[01:02:35] [Server thread/WARN]: Mismatch in destroy block pos: is{x=4835, y=110, z=3593} is{x=4835, y=109, z=3592}
[01:02:35] [Server thread/WARN]: Mismatch in destroy block pos: is{x=4835, y=110, z=3593} is{x=4835, y=109, z=3592}
[01:02:35] [Server thread/WARN]: Mismatch in destroy block pos: is{x=4835, y=110, z=3593} is{x=4835, y=109, z=3592}
[01:02:35] [Server thread/WARN]: Mismatch in destroy block pos: is{x=4835, y=110, z=3593} is{x=4835, y=109, z=3592}
[01:09:33] [Server thread/INFO]: [Not Secure] <chino555> hora de apagar el server?
[01:09:36] [Server thread/INFO]: [Not Secure] <chino555> vo decis?
[01:09:52] [Server thread/INFO]: [Not Secure] <chino555> bue yo me voy a mimir tmr
[01:09:54] [Server thread/INFO]: chino555 lost connection: Disconnected
[01:09:54] [Server thread/INFO]: chino555 left the game
[01:16:04] [Server thread/INFO]: UPFUTX_300 lost connection: Disconnected
[01:16:04] [Server thread/INFO]: UPFUTX_300 left the game
[01:16:07] [Server thread/INFO]: [Not Secure] [Server] asd
[01:16:29] [Server thread/INFO]: Stopping the server
[01:16:29] [Server thread/INFO]: Stopping server
[01:16:29] [Server thread/INFO]: Saving players
[01:16:29] [Server thread/INFO]: Saving worlds
[01:16:29] [Server thread/INFO]: Saving chunks for level 'ServerLevel[world]'/minecraft:overworld
[01:16:29] [Server thread/INFO]: Saving chunks for level 'ServerLevel[world]'/minecraft:the_end
[01:16:29] [Server thread/INFO]: Saving chunks for level 'ServerLevel[world]'/minecraft:the_nether
[01:16:29] [Server thread/INFO]: ThreadedAnvilChunkStorage (world): All chunks are saved
[01:16:29] [Server thread/INFO]: ThreadedAnvilChunkStorage (DIM1): All chunks are saved
[01:16:29] [Server thread/INFO]: ThreadedAnvilChunkStorage (DIM-1): All chunks are saved
[01:16:29] [Server thread/INFO]: ThreadedAnvilChunkStorage: All dimensions are saved
